<?xml version="1.0" encoding="UTF-8"?>
<!-- Generated by org.testng.reporters.JUnitReportReporter -->
<testsuite hostname="Padma" failures="0" tests="1" name="org.jenkins.PullFromGitHub" time="14.308" errors="0" timestamp="2023-05-22T18:20:59 IST" skipped="0">
  <testcase classname="org.jenkins.PullFromGitHub" name="tc01" time="14.308"/>
  <system-out/>
</testsuite> <!-- org.jenkins.PullFromGitHub -->
